<?xml version="1.0" encoding="UTF-8"?>
<robot generator="Robot 5.0.1 (Python 3.9.13 on darwin)" generated="20230605 23:36:28.836" rpa="false" schemaversion="3">
<suite id="s1" name="Tasks" source="/Users/pasztoristvan/programozas/testbeadando/tasks.robot">
<test id="s1-t1" name="Open Website" line="13">
<kw name="Open Site">
<kw name="Open Browser" library="SeleniumLibrary">
<arg>${url}</arg>
<arg>Chrome</arg>
<arg>options=add_experimental_option("detach", True)</arg>
<doc>Opens a new browser instance to the optional ``url``.</doc>
<msg timestamp="20230605 23:36:29.856" level="INFO">Opening browser 'Chrome' to base url 'https://proba-5f04e.web.app/'.</msg>
<msg timestamp="20230605 23:36:29.861" level="INFO">Applicable driver not found; attempting to install with Selenium Manager (Beta)</msg>
<status status="PASS" starttime="20230605 23:36:29.856" endtime="20230605 23:36:38.595"/>
</kw>
<kw name="Maximize Browser Window" library="SeleniumLibrary">
<doc>Maximizes current browser window.</doc>
<status status="PASS" starttime="20230605 23:36:38.596" endtime="20230605 23:36:39.232"/>
</kw>
<kw name="Page Should Contain" library="SeleniumLibrary">
<arg>Á.L.B. Ingatlanügynökség</arg>
<doc>Verifies that current page contains ``text``.</doc>
<msg timestamp="20230605 23:36:39.396" level="INFO">Current page contains text 'Á.L.B. Ingatlanügynökség'.</msg>
<status status="PASS" starttime="20230605 23:36:39.233" endtime="20230605 23:36:39.396"/>
</kw>
<kw name="Page Should Contain" library="SeleniumLibrary">
<arg>Nézze meg kínálatunkat</arg>
<doc>Verifies that current page contains ``text``.</doc>
<msg timestamp="20230605 23:36:39.432" level="INFO">Current page contains text 'Nézze meg kínálatunkat'.</msg>
<status status="PASS" starttime="20230605 23:36:39.397" endtime="20230605 23:36:39.433"/>
</kw>
<kw name="Page Should Contain" library="SeleniumLibrary">
<arg>Hirdessen nálunk</arg>
<doc>Verifies that current page contains ``text``.</doc>
<msg timestamp="20230605 23:36:39.445" level="INFO">Current page contains text 'Hirdessen nálunk'.</msg>
<status status="PASS" starttime="20230605 23:36:39.433" endtime="20230605 23:36:39.445"/>
</kw>
<kw name="Capture Page Screenshot" library="SeleniumLibrary">
<arg>home.png</arg>
<doc>Takes a screenshot of the current page and embeds it into a log file.</doc>
<msg timestamp="20230605 23:36:40.500" level="INFO" html="true">&lt;/td&gt;&lt;/tr&gt;&lt;tr&gt;&lt;td colspan="3"&gt;&lt;a href="home.png"&gt;&lt;img src="home.png" width="800px"&gt;&lt;/a&gt;</msg>
<status status="PASS" starttime="20230605 23:36:39.445" endtime="20230605 23:36:40.500"/>
</kw>
<status status="PASS" starttime="20230605 23:36:29.855" endtime="20230605 23:36:40.501"/>
</kw>
<kw name="Click kínálatunkat">
<kw name="Click Element" library="SeleniumLibrary">
<arg>//*[@id="offers"]</arg>
<doc>Click the element identified by ``locator``.</doc>
<msg timestamp="20230605 23:36:40.502" level="INFO">Clicking element '//*[@id="offers"]'.</msg>
<status status="PASS" starttime="20230605 23:36:40.502" endtime="20230605 23:36:41.597"/>
</kw>
<kw name="Sleep" library="BuiltIn">
<arg>5s</arg>
<doc>Pauses the test executed for the given time.</doc>
<msg timestamp="20230605 23:36:46.599" level="INFO">Slept 5 seconds</msg>
<status status="PASS" starttime="20230605 23:36:41.597" endtime="20230605 23:36:46.600"/>
</kw>
<kw name="Capture Page Screenshot" library="SeleniumLibrary">
<arg>kínálat.png</arg>
<doc>Takes a screenshot of the current page and embeds it into a log file.</doc>
<msg timestamp="20230605 23:36:47.083" level="INFO" html="true">&lt;/td&gt;&lt;/tr&gt;&lt;tr&gt;&lt;td colspan="3"&gt;&lt;a href="k%C3%ADn%C3%A1lat.png"&gt;&lt;img src="k%C3%ADn%C3%A1lat.png" width="800px"&gt;&lt;/a&gt;</msg>
<status status="PASS" starttime="20230605 23:36:46.600" endtime="20230605 23:36:47.083"/>
</kw>
<kw name="Sleep" library="BuiltIn">
<arg>5s</arg>
<doc>Pauses the test executed for the given time.</doc>
<msg timestamp="20230605 23:36:52.085" level="INFO">Slept 5 seconds</msg>
<status status="PASS" starttime="20230605 23:36:47.083" endtime="20230605 23:36:52.085"/>
</kw>
<kw name="Go Back" library="SeleniumLibrary">
<doc>Simulates the user clicking the back button on their browser.</doc>
<status status="PASS" starttime="20230605 23:36:52.086" endtime="20230605 23:36:52.821"/>
</kw>
<status status="PASS" starttime="20230605 23:36:40.501" endtime="20230605 23:36:52.822"/>
</kw>
<kw name="Click Hirdessen">
<kw name="Click Element" library="SeleniumLibrary">
<arg>//*[@id="newad"]</arg>
<doc>Click the element identified by ``locator``.</doc>
<msg timestamp="20230605 23:36:52.823" level="INFO">Clicking element '//*[@id="newad"]'.</msg>
<status status="PASS" starttime="20230605 23:36:52.822" endtime="20230605 23:36:54.592"/>
</kw>
<status status="PASS" starttime="20230605 23:36:52.822" endtime="20230605 23:36:54.592"/>
</kw>
<kw name="Hírdetés feladás">
<kw name="Sleep" library="BuiltIn">
<arg>5s</arg>
<doc>Pauses the test executed for the given time.</doc>
<msg timestamp="20230605 23:36:59.593" level="INFO">Slept 5 seconds</msg>
<status status="PASS" starttime="20230605 23:36:54.593" endtime="20230605 23:36:59.594"/>
</kw>
<kw name="Page Should Contain" library="SeleniumLibrary">
<arg>Kategóriák</arg>
<doc>Verifies that current page contains ``text``.</doc>
<msg timestamp="20230605 23:36:59.627" level="INFO">Current page contains text 'Kategóriák'.</msg>
<status status="PASS" starttime="20230605 23:36:59.594" endtime="20230605 23:36:59.627"/>
</kw>
<kw name="Click Element" library="SeleniumLibrary">
<arg>//*[@id="ujkategoria"]</arg>
<doc>Click the element identified by ``locator``.</doc>
<msg timestamp="20230605 23:36:59.628" level="INFO">Clicking element '//*[@id="ujkategoria"]'.</msg>
<status status="PASS" starttime="20230605 23:36:59.628" endtime="20230605 23:36:59.926"/>
</kw>
<kw name="Sleep" library="BuiltIn">
<arg>5s</arg>
<doc>Pauses the test executed for the given time.</doc>
<msg timestamp="20230605 23:37:04.927" level="INFO">Slept 5 seconds</msg>
<status status="PASS" starttime="20230605 23:36:59.926" endtime="20230605 23:37:04.928"/>
</kw>
<kw name="Select From List By Label" library="SeleniumLibrary">
<arg>//*[@id="ujkategoria"]</arg>
<arg>Ház</arg>
<doc>Selects options from selection list ``locator`` by ``labels``.</doc>
<msg timestamp="20230605 23:37:04.929" level="INFO">Selecting options from selection list '//*[@id="ujkategoria"]' by label Ház.</msg>
<status status="PASS" starttime="20230605 23:37:04.928" endtime="20230605 23:37:05.471"/>
</kw>
<kw name="Page Should Contain" library="SeleniumLibrary">
<arg>Ház</arg>
<doc>Verifies that current page contains ``text``.</doc>
<msg timestamp="20230605 23:37:05.494" level="INFO">Current page contains text 'Ház'.</msg>
<status status="PASS" starttime="20230605 23:37:05.471" endtime="20230605 23:37:05.494"/>
</kw>
<kw name="Click Element" library="SeleniumLibrary">
<arg>//*[@id="ujcim"]</arg>
<doc>Click the element identified by ``locator``.</doc>
<msg timestamp="20230605 23:37:05.495" level="INFO">Clicking element '//*[@id="ujcim"]'.</msg>
<status status="PASS" starttime="20230605 23:37:05.494" endtime="20230605 23:37:05.778"/>
</kw>
<kw name="Input Text" library="SeleniumLibrary">
<arg>id:ujcim</arg>
<arg>${nev}</arg>
<doc>Types the given ``text`` into the text field identified by ``locator``.</doc>
<msg timestamp="20230605 23:37:05.779" level="INFO">Typing text 'Nagyház' into text field 'id:ujcim'.</msg>
<status status="PASS" starttime="20230605 23:37:05.778" endtime="20230605 23:37:06.318"/>
</kw>
<kw name="Click Element" library="SeleniumLibrary">
<arg>//*[@id="ujdatum"]</arg>
<doc>Click the element identified by ``locator``.</doc>
<msg timestamp="20230605 23:37:06.319" level="INFO">Clicking element '//*[@id="ujdatum"]'.</msg>
<status status="PASS" starttime="20230605 23:37:06.318" endtime="20230605 23:37:06.461"/>
</kw>
<kw name="Input Text" library="SeleniumLibrary">
<arg>id:ujdatum</arg>
<arg>${datum}</arg>
<doc>Types the given ``text`` into the text field identified by ``locator``.</doc>
<msg timestamp="20230605 23:37:06.462" level="INFO">Typing text '2023.01.03' into text field 'id:ujdatum'.</msg>
<status status="PASS" starttime="20230605 23:37:06.462" endtime="20230605 23:37:06.756"/>
</kw>
<kw name="Click Element" library="SeleniumLibrary">
<arg>//*[@id="ujleiras"]</arg>
<doc>Click the element identified by ``locator``.</doc>
<msg timestamp="20230605 23:37:06.757" level="INFO">Clicking element '//*[@id="ujleiras"]'.</msg>
<status status="PASS" starttime="20230605 23:37:06.757" endtime="20230605 23:37:06.848"/>
</kw>
<kw name="Input Text" library="SeleniumLibrary">
<arg>id:ujleiras</arg>
<arg>${leiras}</arg>
<doc>Types the given ``text`` into the text field identified by ``locator``.</doc>
<msg timestamp="20230605 23:37:06.849" level="INFO">Typing text 'Nagyon jó ház' into text field 'id:ujleiras'.</msg>
<status status="PASS" starttime="20230605 23:37:06.848" endtime="20230605 23:37:06.940"/>
</kw>
<kw name="Click Element" library="SeleniumLibrary">
<arg>//*[@id="ujfenykep"]</arg>
<doc>Click the element identified by ``locator``.</doc>
<msg timestamp="20230605 23:37:06.941" level="INFO">Clicking element '//*[@id="ujfenykep"]'.</msg>
<status status="PASS" starttime="20230605 23:37:06.941" endtime="20230605 23:37:07.202"/>
</kw>
<kw name="Input Text" library="SeleniumLibrary">
<arg>id:ujfenykep</arg>
<arg>${fenykep}</arg>
<doc>Types the given ``text`` into the text field identified by ``locator``.</doc>
<msg timestamp="20230605 23:37:07.203" level="INFO">Typing text 'none' into text field 'id:ujfenykep'.</msg>
<status status="PASS" starttime="20230605 23:37:07.203" endtime="20230605 23:37:07.350"/>
</kw>
<kw name="Capture Page Screenshot" library="SeleniumLibrary">
<arg>hirdetes.png</arg>
<doc>Takes a screenshot of the current page and embeds it into a log file.</doc>
<msg timestamp="20230605 23:37:07.714" level="INFO" html="true">&lt;/td&gt;&lt;/tr&gt;&lt;tr&gt;&lt;td colspan="3"&gt;&lt;a href="hirdetes.png"&gt;&lt;img src="hirdetes.png" width="800px"&gt;&lt;/a&gt;</msg>
<status status="PASS" starttime="20230605 23:37:07.350" endtime="20230605 23:37:07.715"/>
</kw>
<kw name="Sleep" library="BuiltIn">
<arg>1s</arg>
<doc>Pauses the test executed for the given time.</doc>
<msg timestamp="20230605 23:37:08.717" level="INFO">Slept 1 second</msg>
<status status="PASS" starttime="20230605 23:37:07.715" endtime="20230605 23:37:08.718"/>
</kw>
<kw name="Click Button" library="SeleniumLibrary">
<arg>//*[@id="kuldes"]</arg>
<doc>Clicks the button identified by ``locator``.</doc>
<msg timestamp="20230605 23:37:08.720" level="INFO">Clicking button '//*[@id="kuldes"]'.</msg>
<status status="PASS" starttime="20230605 23:37:08.719" endtime="20230605 23:37:09.238"/>
</kw>
<status status="PASS" starttime="20230605 23:36:54.592" endtime="20230605 23:37:09.238"/>
</kw>
<kw name="Hírdetés létezés">
<kw name="Page Should Contain ${nev}">
<msg timestamp="20230605 23:37:09.241" level="FAIL">No keyword with name 'Page Should Contain ${nev}' found. Did you mean:
    SeleniumLibrary.Page Should Contain</msg>
<status status="FAIL" starttime="20230605 23:37:09.241" endtime="20230605 23:37:09.242"/>
</kw>
<kw name="Page Should Contain ${leiras}">
<status status="NOT RUN" starttime="20230605 23:37:09.245" endtime="20230605 23:37:09.245"/>
</kw>
<status status="FAIL" starttime="20230605 23:37:09.238" endtime="20230605 23:37:09.246"/>
</kw>
<kw name="CloseWebsite">
<status status="NOT RUN" starttime="20230605 23:37:09.246" endtime="20230605 23:37:09.246"/>
</kw>
<status status="FAIL" starttime="20230605 23:36:29.854" endtime="20230605 23:37:09.247">No keyword with name 'Page Should Contain ${nev}' found. Did you mean:
    SeleniumLibrary.Page Should Contain</status>
</test>
<status status="FAIL" starttime="20230605 23:36:28.840" endtime="20230605 23:37:09.248"/>
</suite>
<statistics>
<total>
<stat pass="0" fail="1" skip="0">All Tests</stat>
</total>
<tag>
</tag>
<suite>
<stat pass="0" fail="1" skip="0" id="s1" name="Tasks">Tasks</stat>
</suite>
</statistics>
<errors>
</errors>
</robot>
