<?xml version="1.0" encoding="UTF-8"?>
<robot generator="Robot 5.0.1 (Python 3.9.13 on darwin)" generated="20230605 23:35:26.375" rpa="false" schemaversion="3">
<suite id="s1" name="Tasks" source="/Users/pasztoristvan/programozas/testbeadando/tasks.robot">
<test id="s1-t1" name="Open Website" line="13">
<kw name="Open Site">
<kw name="Open Browser" library="SeleniumLibrary">
<arg>${url}</arg>
<arg>Chrome</arg>
<arg>options=add_experimental_option("detach", True)</arg>
<doc>Opens a new browser instance to the optional ``url``.</doc>
<msg timestamp="20230605 23:35:27.639" level="INFO">Opening browser 'Chrome' to base url 'https://proba-5f04e.web.app/'.</msg>
<msg timestamp="20230605 23:35:27.644" level="INFO">Applicable driver not found; attempting to install with Selenium Manager (Beta)</msg>
<status status="PASS" starttime="20230605 23:35:27.639" endtime="20230605 23:35:37.754"/>
</kw>
<kw name="Maximize Browser Window" library="SeleniumLibrary">
<doc>Maximizes current browser window.</doc>
<status status="PASS" starttime="20230605 23:35:37.755" endtime="20230605 23:35:38.239"/>
</kw>
<kw name="Page Should Contain" library="SeleniumLibrary">
<arg>Á.L.B. Ingatlanügynökség</arg>
<doc>Verifies that current page contains ``text``.</doc>
<msg timestamp="20230605 23:35:38.422" level="INFO">Current page contains text 'Á.L.B. Ingatlanügynökség'.</msg>
<status status="PASS" starttime="20230605 23:35:38.240" endtime="20230605 23:35:38.423"/>
</kw>
<kw name="Page Should Contain" library="SeleniumLibrary">
<arg>Nézze meg kínálatunkat</arg>
<doc>Verifies that current page contains ``text``.</doc>
<msg timestamp="20230605 23:35:38.436" level="INFO">Current page contains text 'Nézze meg kínálatunkat'.</msg>
<status status="PASS" starttime="20230605 23:35:38.423" endtime="20230605 23:35:38.436"/>
</kw>
<kw name="Page Should Contain" library="SeleniumLibrary">
<arg>Hirdessen nálunk</arg>
<doc>Verifies that current page contains ``text``.</doc>
<msg timestamp="20230605 23:35:38.448" level="INFO">Current page contains text 'Hirdessen nálunk'.</msg>
<status status="PASS" starttime="20230605 23:35:38.436" endtime="20230605 23:35:38.448"/>
</kw>
<kw name="Capture Page Screenshot" library="SeleniumLibrary">
<arg>home.png</arg>
<doc>Takes a screenshot of the current page and embeds it into a log file.</doc>
<msg timestamp="20230605 23:35:39.433" level="INFO" html="true">&lt;/td&gt;&lt;/tr&gt;&lt;tr&gt;&lt;td colspan="3"&gt;&lt;a href="home.png"&gt;&lt;img src="home.png" width="800px"&gt;&lt;/a&gt;</msg>
<status status="PASS" starttime="20230605 23:35:38.448" endtime="20230605 23:35:39.433"/>
</kw>
<status status="PASS" starttime="20230605 23:35:27.639" endtime="20230605 23:35:39.433"/>
</kw>
<kw name="Click kínálatunkat">
<kw name="Click Element" library="SeleniumLibrary">
<arg>//*[@id="offers"]</arg>
<doc>Click the element identified by ``locator``.</doc>
<msg timestamp="20230605 23:35:39.435" level="INFO">Clicking element '//*[@id="offers"]'.</msg>
<status status="PASS" starttime="20230605 23:35:39.434" endtime="20230605 23:35:40.368"/>
</kw>
<kw name="Sleep" library="BuiltIn">
<arg>5s</arg>
<doc>Pauses the test executed for the given time.</doc>
<msg timestamp="20230605 23:35:45.370" level="INFO">Slept 5 seconds</msg>
<status status="PASS" starttime="20230605 23:35:40.369" endtime="20230605 23:35:45.372"/>
</kw>
<kw name="Capture Page Screenshot" library="SeleniumLibrary">
<arg>kínálat.png</arg>
<doc>Takes a screenshot of the current page and embeds it into a log file.</doc>
<msg timestamp="20230605 23:35:45.842" level="INFO" html="true">&lt;/td&gt;&lt;/tr&gt;&lt;tr&gt;&lt;td colspan="3"&gt;&lt;a href="k%C3%ADn%C3%A1lat.png"&gt;&lt;img src="k%C3%ADn%C3%A1lat.png" width="800px"&gt;&lt;/a&gt;</msg>
<status status="PASS" starttime="20230605 23:35:45.373" endtime="20230605 23:35:45.842"/>
</kw>
<kw name="Sleep" library="BuiltIn">
<arg>5s</arg>
<doc>Pauses the test executed for the given time.</doc>
<msg timestamp="20230605 23:35:50.843" level="INFO">Slept 5 seconds</msg>
<status status="PASS" starttime="20230605 23:35:45.843" endtime="20230605 23:35:50.844"/>
</kw>
<kw name="Go Back" library="SeleniumLibrary">
<doc>Simulates the user clicking the back button on their browser.</doc>
<status status="PASS" starttime="20230605 23:35:50.844" endtime="20230605 23:35:51.578"/>
</kw>
<status status="PASS" starttime="20230605 23:35:39.434" endtime="20230605 23:35:51.579"/>
</kw>
<kw name="Click Hirdessen">
<kw name="Click Element" library="SeleniumLibrary">
<arg>//*[@id="newad"]</arg>
<doc>Click the element identified by ``locator``.</doc>
<msg timestamp="20230605 23:35:51.580" level="INFO">Clicking element '//*[@id="newad"]'.</msg>
<status status="PASS" starttime="20230605 23:35:51.580" endtime="20230605 23:35:53.234"/>
</kw>
<status status="PASS" starttime="20230605 23:35:51.579" endtime="20230605 23:35:53.234"/>
</kw>
<kw name="Hírdetés feladás">
<kw name="Sleep" library="BuiltIn">
<arg>5s</arg>
<doc>Pauses the test executed for the given time.</doc>
<msg timestamp="20230605 23:35:58.236" level="INFO">Slept 5 seconds</msg>
<status status="PASS" starttime="20230605 23:35:53.235" endtime="20230605 23:35:58.236"/>
</kw>
<kw name="Page Should Contain" library="SeleniumLibrary">
<arg>Kategóriák</arg>
<doc>Verifies that current page contains ``text``.</doc>
<msg timestamp="20230605 23:35:58.264" level="INFO">Current page contains text 'Kategóriák'.</msg>
<status status="PASS" starttime="20230605 23:35:58.237" endtime="20230605 23:35:58.264"/>
</kw>
<kw name="Click Element" library="SeleniumLibrary">
<arg>//*[@id="ujkategoria"]</arg>
<doc>Click the element identified by ``locator``.</doc>
<msg timestamp="20230605 23:35:58.265" level="INFO">Clicking element '//*[@id="ujkategoria"]'.</msg>
<status status="PASS" starttime="20230605 23:35:58.264" endtime="20230605 23:35:58.439"/>
</kw>
<kw name="Sleep" library="BuiltIn">
<arg>5s</arg>
<doc>Pauses the test executed for the given time.</doc>
<msg timestamp="20230605 23:36:03.442" level="INFO">Slept 5 seconds</msg>
<status status="PASS" starttime="20230605 23:35:58.440" endtime="20230605 23:36:03.443"/>
</kw>
<kw name="Select From List By Label" library="SeleniumLibrary">
<arg>//*[@id="ujkategoria"]</arg>
<arg>Ház</arg>
<doc>Selects options from selection list ``locator`` by ``labels``.</doc>
<msg timestamp="20230605 23:36:03.446" level="INFO">Selecting options from selection list '//*[@id="ujkategoria"]' by label Ház.</msg>
<status status="PASS" starttime="20230605 23:36:03.444" endtime="20230605 23:36:03.880"/>
</kw>
<kw name="Page Should Contain" library="SeleniumLibrary">
<arg>Ház</arg>
<doc>Verifies that current page contains ``text``.</doc>
<msg timestamp="20230605 23:36:03.891" level="INFO">Current page contains text 'Ház'.</msg>
<status status="PASS" starttime="20230605 23:36:03.881" endtime="20230605 23:36:03.891"/>
</kw>
<kw name="Click Element" library="SeleniumLibrary">
<arg>//*[@id="ujcim"]</arg>
<doc>Click the element identified by ``locator``.</doc>
<msg timestamp="20230605 23:36:03.891" level="INFO">Clicking element '//*[@id="ujcim"]'.</msg>
<status status="PASS" starttime="20230605 23:36:03.891" endtime="20230605 23:36:04.265"/>
</kw>
<kw name="Input Text" library="SeleniumLibrary">
<arg>id:ujcim</arg>
<arg>${nev}</arg>
<doc>Types the given ``text`` into the text field identified by ``locator``.</doc>
<msg timestamp="20230605 23:36:04.266" level="INFO">Typing text 'Nagyház' into text field 'id:ujcim'.</msg>
<status status="PASS" starttime="20230605 23:36:04.265" endtime="20230605 23:36:04.728"/>
</kw>
<kw name="Click Element" library="SeleniumLibrary">
<arg>//*[@id="ujdatum"]</arg>
<doc>Click the element identified by ``locator``.</doc>
<msg timestamp="20230605 23:36:04.728" level="INFO">Clicking element '//*[@id="ujdatum"]'.</msg>
<status status="PASS" starttime="20230605 23:36:04.728" endtime="20230605 23:36:04.830"/>
</kw>
<kw name="Input Text" library="SeleniumLibrary">
<arg>id:ujdatum</arg>
<arg>${datum}</arg>
<doc>Types the given ``text`` into the text field identified by ``locator``.</doc>
<msg timestamp="20230605 23:36:04.830" level="INFO">Typing text '2023.01.03' into text field 'id:ujdatum'.</msg>
<status status="PASS" starttime="20230605 23:36:04.830" endtime="20230605 23:36:05.105"/>
</kw>
<kw name="Click Element" library="SeleniumLibrary">
<arg>//*[@id="ujleiras"]</arg>
<doc>Click the element identified by ``locator``.</doc>
<msg timestamp="20230605 23:36:05.105" level="INFO">Clicking element '//*[@id="ujleiras"]'.</msg>
<status status="PASS" starttime="20230605 23:36:05.105" endtime="20230605 23:36:05.400"/>
</kw>
<kw name="Input Text" library="SeleniumLibrary">
<arg>id:ujleiras</arg>
<arg>${leiras}</arg>
<doc>Types the given ``text`` into the text field identified by ``locator``.</doc>
<msg timestamp="20230605 23:36:05.400" level="INFO">Typing text 'Nagyon jó ház' into text field 'id:ujleiras'.</msg>
<status status="PASS" starttime="20230605 23:36:05.400" endtime="20230605 23:36:05.493"/>
</kw>
<kw name="Click Element" library="SeleniumLibrary">
<arg>//*[@id="ujfenykep"]</arg>
<doc>Click the element identified by ``locator``.</doc>
<msg timestamp="20230605 23:36:05.493" level="INFO">Clicking element '//*[@id="ujfenykep"]'.</msg>
<status status="PASS" starttime="20230605 23:36:05.493" endtime="20230605 23:36:05.590"/>
</kw>
<kw name="Input Text" library="SeleniumLibrary">
<arg>id:ujfenykep</arg>
<arg>${fenykep}</arg>
<doc>Types the given ``text`` into the text field identified by ``locator``.</doc>
<msg timestamp="20230605 23:36:05.591" level="INFO">Typing text 'none' into text field 'id:ujfenykep'.</msg>
<status status="PASS" starttime="20230605 23:36:05.590" endtime="20230605 23:36:05.745"/>
</kw>
<kw name="Capture Page Screenshot" library="SeleniumLibrary">
<arg>hirdetes.png</arg>
<doc>Takes a screenshot of the current page and embeds it into a log file.</doc>
<msg timestamp="20230605 23:36:06.088" level="INFO" html="true">&lt;/td&gt;&lt;/tr&gt;&lt;tr&gt;&lt;td colspan="3"&gt;&lt;a href="hirdetes.png"&gt;&lt;img src="hirdetes.png" width="800px"&gt;&lt;/a&gt;</msg>
<status status="PASS" starttime="20230605 23:36:05.745" endtime="20230605 23:36:06.089"/>
</kw>
<kw name="Sleep" library="BuiltIn">
<arg>1s</arg>
<doc>Pauses the test executed for the given time.</doc>
<msg timestamp="20230605 23:36:07.091" level="INFO">Slept 1 second</msg>
<status status="PASS" starttime="20230605 23:36:06.089" endtime="20230605 23:36:07.092"/>
</kw>
<kw name="Click Button" library="SeleniumLibrary">
<arg>//*[@id="kuldes"]</arg>
<doc>Clicks the button identified by ``locator``.</doc>
<msg timestamp="20230605 23:36:07.095" level="INFO">Clicking button '//*[@id="kuldes"]'.</msg>
<status status="PASS" starttime="20230605 23:36:07.094" endtime="20230605 23:36:07.538"/>
</kw>
<status status="PASS" starttime="20230605 23:35:53.234" endtime="20230605 23:36:07.539"/>
</kw>
<kw name="Hírdetés létezés">
<kw name="Page Should Contain ${nev}">
<msg timestamp="20230605 23:36:07.543" level="FAIL">No keyword with name 'Page Should Contain ${nev}' found. Did you mean:
    SeleniumLibrary.Page Should Contain</msg>
<status status="FAIL" starttime="20230605 23:36:07.543" endtime="20230605 23:36:07.543"/>
</kw>
<kw name="Page Should Contain ${leiras}">
<status status="NOT RUN" starttime="20230605 23:36:07.547" endtime="20230605 23:36:07.548"/>
</kw>
<status status="FAIL" starttime="20230605 23:36:07.539" endtime="20230605 23:36:07.548"/>
</kw>
<kw name="CloseWebsite">
<status status="NOT RUN" starttime="20230605 23:36:07.548" endtime="20230605 23:36:07.549"/>
</kw>
<status status="FAIL" starttime="20230605 23:35:27.638" endtime="20230605 23:36:07.549">No keyword with name 'Page Should Contain ${nev}' found. Did you mean:
    SeleniumLibrary.Page Should Contain</status>
</test>
<status status="FAIL" starttime="20230605 23:35:26.376" endtime="20230605 23:36:07.550"/>
</suite>
<statistics>
<total>
<stat pass="0" fail="1" skip="0">All Tests</stat>
</total>
<tag>
</tag>
<suite>
<stat pass="0" fail="1" skip="0" id="s1" name="Tasks">Tasks</stat>
</suite>
</statistics>
<errors>
</errors>
</robot>
